<?xml version="1.0" encoding="UTF-8"?>
<testng-results ignored="0" total="1" passed="1" failed="0" skipped="0">
  <reporter-output>
    <line>
      <![CDATA[*******Test case Started And Details Are Test Strated *********************]]>
    </line>
    <line>
      <![CDATA[*******************************On Test Start**********************************]]>
    </line>
    <line>
      <![CDATA[*********Expected Test Case products Are Succesfully Passed*********]]>
    </line>
  </reporter-output>
  <suite started-at="2024-11-20T19:28:43 EST" name="Suite" finished-at="2024-11-20T19:28:55 EST" duration-ms="11549">
    <groups>
    </groups>
    <test started-at="2024-11-20T19:28:43 EST" name="Test" finished-at="2024-11-20T19:28:55 EST" duration-ms="11549">
      <class name="AutomationPractice.HomePageTest">
        <test-method is-config="true" signature="setUp()[pri:0, instance:AutomationPractice.HomePageTest@f667fe]" started-at="2024-11-20T19:28:43 EST" name="setUp" finished-at="2024-11-20T19:28:52 EST" duration-ms="8717" status="PASS">
          <reporter-output>
          </reporter-output>
        </test-method> <!-- setUp -->
        <test-method signature="products()[pri:0, instance:AutomationPractice.HomePageTest@f667fe]" started-at="2024-11-20T19:28:52 EST" name="products" finished-at="2024-11-20T19:28:55 EST" duration-ms="2768" status="PASS">
          <reporter-output>
            <line>
              <![CDATA[*******************************On Test Start**********************************]]>
            </line>
            <line>
              <![CDATA[*********Expected Test Case products Are Succesfully Passed*********]]>
            </line>
          </reporter-output>
        </test-method> <!-- products -->
        <test-method is-config="true" signature="tearDown()[pri:0, instance:AutomationPractice.HomePageTest@f667fe]" started-at="2024-11-20T19:28:55 EST" name="tearDown" finished-at="2024-11-20T19:28:55 EST" duration-ms="0" status="PASS">
          <reporter-output>
          </reporter-output>
        </test-method> <!-- tearDown -->
      </class> <!-- AutomationPractice.HomePageTest -->
    </test> <!-- Test -->
  </suite> <!-- Suite -->
</testng-results>
